#
# A fatal error has been detected by the Java Runtime Environment:
#
#  Internal Error (javaClasses.cpp:136), pid=17947, tid=140322706155264
#  fatal error: Invalid layout of preloaded class
#
# JRE version:  (7.0_55-b14) (build )
# Java VM: OpenJDK 64-Bit Server VM (24.51-b03 mixed mode linux-amd64 compressed oops)
# Failed to write core dump. Core dumps have been disabled. To enable core dumping, try "ulimit -c unlimited" before starting Java again
#
# If you would like to submit a bug report, please include
# instructions on how to reproduce the bug and visit:
#   http://icedtea.classpath.org/bugzilla
#

---------------  T H R E A D  ---------------

Current thread (0x00007f9f6400a000):  JavaThread "Unknown thread" [_thread_in_vm, id=17953, stack(0x00007f9f6cfde000,0x00007f9f6d0df000)]

Stack: [0x00007f9f6cfde000,0x00007f9f6d0df000],  sp=0x00007f9f6d0dd8a0,  free space=1022k
Native frames: (J=compiled Java code, j=interpreted, Vv=VM code, C=native code)
V  [libjvm.so+0x9163c5]  VMError::report_and_die()+0x175
V  [libjvm.so+0x466774]  report_fatal(char const*, int, char const*)+0x54
V  [libjvm.so+0x5bf65a]  compute_offset(int&, klassOopDesc*, Symbol*, Symbol*, bool) [clone .constprop.121]+0x10a
V  [libjvm.so+0x5bfc66]  java_lang_String::compute_offsets()+0x36
V  [libjvm.so+0x89cf2c]  SystemDictionary::initialize_preloaded_classes(Thread*)+0xcc
V  [libjvm.so+0x8e7eb8]  Universe::genesis(Thread*)+0x468
V  [libjvm.so+0x8e84c4]  universe2_init()+0x24
V  [libjvm.so+0x57433a]  init_globals()+0x9a
V  [libjvm.so+0x8cb78f]  Threads::create_vm(JavaVMInitArgs*, bool*)+0x35f
V  [libjvm.so+0x5ddbb4]  JNI_CreateJavaVM+0x54
C  [libjli.so+0x2b18]  __strcat_chk+0x2b18


---------------  P R O C E S S  ---------------

Java Threads: ( => current thread )

Other Threads:

=>0x00007f9f6400a000 (exited) JavaThread "Unknown thread" [_thread_in_vm, id=17953, stack(0x00007f9f6cfde000,0x00007f9f6d0df000)]

VM state:not at safepoint (not fully initialized)

VM Mutex/Monitor currently owned by a thread: None

GC Heap History (0 events):
No events

Deoptimization events (0 events):
No events

Internal exceptions (0 events):
No events

Events (10 events):
Event: 0.007 loading class 0x00007f9f68caf6f0 done
Event: 0.007 loading class 0x00007f9f68caf110 done
Event: 0.007 loading class 0x00007f9f68caf0f0
Event: 0.008 loading class 0x00007f9f68cb7130
Event: 0.008 loading class 0x00007f9f68cb7130 done
Event: 0.008 loading class 0x00007f9f68cb7160
Event: 0.008 loading class 0x00007f9f68cb7160 done
Event: 0.008 loading class 0x00007f9f68cb7190
Event: 0.008 loading class 0x00007f9f68cb7190 done
Event: 0.008 loading class 0x00007f9f68caf0f0 done


Dynamic libraries:
00400000-00401000 r-xp 00000000 08:01 10543                              /usr/lib/jvm/java-7-openjdk-amd64/jre/bin/java
00600000-00601000 r--p 00000000 08:01 10543                              /usr/lib/jvm/java-7-openjdk-amd64/jre/bin/java
00601000-00602000 rw-p 00001000 08:01 10543                              /usr/lib/jvm/java-7-openjdk-amd64/jre/bin/java
00840000-00861000 rw-p 00000000 00:00 0                                  [heap]
77d200000-77e700000 rw-p 00000000 00:00 0 
77e700000-787800000 rw-p 00000000 00:00 0 
787800000-78c800000 rw-p 00000000 00:00 0 
78c800000-7d7d00000 rw-p 00000000 00:00 0 
7d7d00000-7da580000 rw-p 00000000 00:00 0 
7da580000-800000000 rw-p 00000000 00:00 0 
7f9f3fe90000-7f9f44000000 rw-p 00000000 00:00 0 
7f9f44000000-7f9f44021000 rw-p 00000000 00:00 0 
7f9f44021000-7f9f48000000 ---p 00000000 00:00 0 
7f9f4c000000-7f9f4c021000 rw-p 00000000 00:00 0 
7f9f4c021000-7f9f50000000 ---p 00000000 00:00 0 
7f9f54000000-7f9f54021000 rw-p 00000000 00:00 0 
7f9f54021000-7f9f58000000 ---p 00000000 00:00 0 
7f9f5c000000-7f9f5c021000 rw-p 00000000 00:00 0 
7f9f5c021000-7f9f60000000 ---p 00000000 00:00 0 
7f9f61000000-7f9f61270000 rwxp 00000000 00:00 0 
7f9f61270000-7f9f64056000 rw-p 00000000 00:00 0 
7f9f64056000-7f9f68000000 ---p 00000000 00:00 0 
7f9f68905000-7f9f68b62000 rw-p 00000000 00:00 0 
7f9f68b62000-7f9f68c39000 r--s 013fe000 00:16 1066999                    /home/daniel/workspace/adt-bundle-linux-x86_64-20130522/sdk/platforms/android-19/android.jar
7f9f68c39000-7f9f69172000 rw-p 00000000 00:00 0 
7f9f69172000-7f9f69173000 ---p 00000000 00:00 0 
7f9f69173000-7f9f69273000 rw-p 00000000 00:00 0                          [stack:17957]
7f9f69273000-7f9f69274000 ---p 00000000 00:00 0 
7f9f69274000-7f9f69374000 rw-p 00000000 00:00 0                          [stack:17956]
7f9f69374000-7f9f69375000 ---p 00000000 00:00 0 
7f9f69375000-7f9f69475000 rw-p 00000000 00:00 0                          [stack:17955]
7f9f69475000-7f9f69476000 ---p 00000000 00:00 0 
7f9f69476000-7f9f69581000 rw-p 00000000 00:00 0                          [stack:17954]
7f9f69581000-7f9f695c9000 rw-p 00000000 00:00 0 
7f9f695c9000-7f9f695f1000 rw-p 00000000 00:00 0 
7f9f695f1000-7f9f6984c000 rw-p 00000000 00:00 0 
7f9f6984c000-7f9f69857000 rw-p 00000000 00:00 0 
7f9f69857000-7f9f6989f000 rw-p 00000000 00:00 0 
7f9f6989f000-7f9f698c7000 rw-p 00000000 00:00 0 
7f9f698c7000-7f9f69b21000 rw-p 00000000 00:00 0 
7f9f69b21000-7f9f69b36000 rw-p 00000000 00:00 0 
7f9f69b36000-7f9f69c63000 rw-p 00000000 00:00 0 
7f9f69c63000-7f9f69c64000 rw-p 00000000 00:00 0 
7f9f69c64000-7f9f69c6c000 r-xp 00000000 08:01 8259                       /usr/lib/jvm/java-7-openjdk-amd64/jre/lib/amd64/libzip.so
7f9f69c6c000-7f9f69e6b000 ---p 00008000 08:01 8259                       /usr/lib/jvm/java-7-openjdk-amd64/jre/lib/amd64/libzip.so
7f9f69e6b000-7f9f69e6c000 r--p 00007000 08:01 8259                       /usr/lib/jvm/java-7-openjdk-amd64/jre/lib/amd64/libzip.so
7f9f69e6c000-7f9f69e6d000 rw-p 00008000 08:01 8259                       /usr/lib/jvm/java-7-openjdk-amd64/jre/lib/amd64/libzip.so
7f9f69e6d000-7f9f69e79000 r-xp 00000000 08:01 136046                     /lib/x86_64-linux-gnu/libnss_files-2.17.so
7f9f69e79000-7f9f6a078000 ---p 0000c000 08:01 136046                     /lib/x86_64-linux-gnu/libnss_files-2.17.so
7f9f6a078000-7f9f6a079000 r--p 0000b000 08:01 136046                     /lib/x86_64-linux-gnu/libnss_files-2.17.so
7f9f6a079000-7f9f6a07a000 rw-p 0000c000 08:01 136046                     /lib/x86_64-linux-gnu/libnss_files-2.17.so
7f9f6a07a000-7f9f6a085000 r-xp 00000000 08:01 136050                     /lib/x86_64-linux-gnu/libnss_nis-2.17.so
7f9f6a085000-7f9f6a284000 ---p 0000b000 08:01 136050                     /lib/x86_64-linux-gnu/libnss_nis-2.17.so
7f9f6a284000-7f9f6a285000 r--p 0000a000 08:01 136050                     /lib/x86_64-linux-gnu/libnss_nis-2.17.so
7f9f6a285000-7f9f6a286000 rw-p 0000b000 08:01 136050                     /lib/x86_64-linux-gnu/libnss_nis-2.17.so
7f9f6a286000-7f9f6a29d000 r-xp 00000000 08:01 136040                     /lib/x86_64-linux-gnu/libnsl-2.17.so
7f9f6a29d000-7f9f6a49c000 ---p 00017000 08:01 136040                     /lib/x86_64-linux-gnu/libnsl-2.17.so
7f9f6a49c000-7f9f6a49d000 r--p 00016000 08:01 136040                     /lib/x86_64-linux-gnu/libnsl-2.17.so
7f9f6a49d000-7f9f6a49e000 rw-p 00017000 08:01 136040                     /lib/x86_64-linux-gnu/libnsl-2.17.so
7f9f6a49e000-7f9f6a4a0000 rw-p 00000000 00:00 0 
7f9f6a4a0000-7f9f6a4a8000 r-xp 00000000 08:01 136042                     /lib/x86_64-linux-gnu/libnss_compat-2.17.so
7f9f6a4a8000-7f9f6a6a7000 ---p 00008000 08:01 136042                     /lib/x86_64-linux-gnu/libnss_compat-2.17.so
7f9f6a6a7000-7f9f6a6a8000 r--p 00007000 08:01 136042                     /lib/x86_64-linux-gnu/libnss_compat-2.17.so
7f9f6a6a8000-7f9f6a6a9000 rw-p 00008000 08:01 136042                     /lib/x86_64-linux-gnu/libnss_compat-2.17.so
7f9f6a6a9000-7f9f6a6d4000 r-xp 00000000 08:01 8246                       /usr/lib/jvm/java-7-openjdk-amd64/jre/lib/amd64/libjava.so
7f9f6a6d4000-7f9f6a8d3000 ---p 0002b000 08:01 8246                       /usr/lib/jvm/java-7-openjdk-amd64/jre/lib/amd64/libjava.so
7f9f6a8d3000-7f9f6a8d4000 r--p 0002a000 08:01 8246                       /usr/lib/jvm/java-7-openjdk-amd64/jre/lib/amd64/libjava.so
7f9f6a8d4000-7f9f6a8d6000 rw-p 0002b000 08:01 8246                       /usr/lib/jvm/java-7-openjdk-amd64/jre/lib/amd64/libjava.so
7f9f6a8d6000-7f9f6a8e6000 r-xp 00000000 08:01 10059                      /usr/lib/jvm/java-7-openjdk-amd64/jre/lib/amd64/libverify.so
7f9f6a8e6000-7f9f6aae5000 ---p 00010000 08:01 10059                      /usr/lib/jvm/java-7-openjdk-amd64/jre/lib/amd64/libverify.so
7f9f6aae5000-7f9f6aae7000 r--p 0000f000 08:01 10059                      /usr/lib/jvm/java-7-openjdk-amd64/jre/lib/amd64/libverify.so
7f9f6aae7000-7f9f6aae8000 rw-p 00011000 08:01 10059                      /usr/lib/jvm/java-7-openjdk-amd64/jre/lib/amd64/libverify.so
7f9f6aae8000-7f9f6aaef000 r-xp 00000000 08:01 136093                     /lib/x86_64-linux-gnu/librt-2.17.so
7f9f6aaef000-7f9f6acee000 ---p 00007000 08:01 136093                     /lib/x86_64-linux-gnu/librt-2.17.so
7f9f6acee000-7f9f6acef000 r--p 00006000 08:01 136093                     /lib/x86_64-linux-gnu/librt-2.17.so
7f9f6acef000-7f9f6acf0000 rw-p 00007000 08:01 136093                     /lib/x86_64-linux-gnu/librt-2.17.so
7f9f6acf0000-7f9f6ad05000 r-xp 00000000 08:01 155645                     /lib/x86_64-linux-gnu/libgcc_s.so.1
7f9f6ad05000-7f9f6af04000 ---p 00015000 08:01 155645                     /lib/x86_64-linux-gnu/libgcc_s.so.1
7f9f6af04000-7f9f6af05000 r--p 00014000 08:01 155645                     /lib/x86_64-linux-gnu/libgcc_s.so.1
7f9f6af05000-7f9f6af06000 rw-p 00015000 08:01 155645                     /lib/x86_64-linux-gnu/libgcc_s.so.1
7f9f6af06000-7f9f6b009000 r-xp 00000000 08:01 136021                     /lib/x86_64-linux-gnu/libm-2.17.so
7f9f6b009000-7f9f6b208000 ---p 00103000 08:01 136021                     /lib/x86_64-linux-gnu/libm-2.17.so
7f9f6b208000-7f9f6b209000 r--p 00102000 08:01 136021                     /lib/x86_64-linux-gnu/libm-2.17.so
7f9f6b209000-7f9f6b20a000 rw-p 00103000 08:01 136021                     /lib/x86_64-linux-gnu/libm-2.17.so
7f9f6b20a000-7f9f6b2f0000 r-xp 00000000 08:01 5436                       /usr/lib/x86_64-linux-gnu/libstdc++.so.6.0.18
7f9f6b2f0000-7f9f6b4ef000 ---p 000e6000 08:01 5436                       /usr/lib/x86_64-linux-gnu/libstdc++.so.6.0.18
7f9f6b4ef000-7f9f6b4f7000 r--p 000e5000 08:01 5436                       /usr/lib/x86_64-linux-gnu/libstdc++.so.6.0.18
7f9f6b4f7000-7f9f6b4f9000 rw-p 000ed000 08:01 5436                       /usr/lib/x86_64-linux-gnu/libstdc++.so.6.0.18
7f9f6b4f9000-7f9f6b50e000 rw-p 00000000 00:00 0 
7f9f6b50e000-7f9f6bfed000 r-xp 00000000 08:01 10085                      /usr/lib/jvm/java-7-openjdk-amd64/jre/lib/amd64/server/libjvm.so
7f9f6bfed000-7f9f6c1ed000 ---p 00adf000 08:01 10085                      /usr/lib/jvm/java-7-openjdk-amd64/jre/lib/amd64/server/libjvm.so
7f9f6c1ed000-7f9f6c27f000 r--p 00adf000 08:01 10085                      /usr/lib/jvm/java-7-openjdk-amd64/jre/lib/amd64/server/libjvm.so
7f9f6c27f000-7f9f6c2a2000 rw-p 00b71000 08:01 10085                      /usr/lib/jvm/java-7-openjdk-amd64/jre/lib/amd64/server/libjvm.so
7f9f6c2a2000-7f9f6c2cf000 rw-p 00000000 00:00 0 
7f9f6c2cf000-7f9f6c2e7000 r-xp 00000000 08:01 136126                     /lib/x86_64-linux-gnu/libz.so.1.2.8
7f9f6c2e7000-7f9f6c4e6000 ---p 00018000 08:01 136126                     /lib/x86_64-linux-gnu/libz.so.1.2.8
7f9f6c4e6000-7f9f6c4e7000 r--p 00017000 08:01 136126                     /lib/x86_64-linux-gnu/libz.so.1.2.8
7f9f6c4e7000-7f9f6c4e8000 rw-p 00018000 08:01 136126                     /lib/x86_64-linux-gnu/libz.so.1.2.8
7f9f6c4e8000-7f9f6c4ff000 r-xp 00000000 08:01 136085                     /lib/x86_64-linux-gnu/libpthread-2.17.so
7f9f6c4ff000-7f9f6c6ff000 ---p 00017000 08:01 136085                     /lib/x86_64-linux-gnu/libpthread-2.17.so
7f9f6c6ff000-7f9f6c700000 r--p 00017000 08:01 136085                     /lib/x86_64-linux-gnu/libpthread-2.17.so
7f9f6c700000-7f9f6c701000 rw-p 00018000 08:01 136085                     /lib/x86_64-linux-gnu/libpthread-2.17.so
7f9f6c701000-7f9f6c705000 rw-p 00000000 00:00 0 
7f9f6c705000-7f9f6c708000 r-xp 00000000 08:01 135985                     /lib/x86_64-linux-gnu/libdl-2.17.so
7f9f6c708000-7f9f6c907000 ---p 00003000 08:01 135985                     /lib/x86_64-linux-gnu/libdl-2.17.so
7f9f6c907000-7f9f6c908000 r--p 00002000 08:01 135985                     /lib/x86_64-linux-gnu/libdl-2.17.so
7f9f6c908000-7f9f6c909000 rw-p 00003000 08:01 135985                     /lib/x86_64-linux-gnu/libdl-2.17.so
7f9f6c909000-7f9f6cac6000 r-xp 00000000 08:01 135970                     /lib/x86_64-linux-gnu/libc-2.17.so
7f9f6cac6000-7f9f6ccc6000 ---p 001bd000 08:01 135970                     /lib/x86_64-linux-gnu/libc-2.17.so
7f9f6ccc6000-7f9f6ccca000 r--p 001bd000 08:01 135970                     /lib/x86_64-linux-gnu/libc-2.17.so
7f9f6ccca000-7f9f6cccc000 rw-p 001c1000 08:01 135970                     /lib/x86_64-linux-gnu/libc-2.17.so
7f9f6cccc000-7f9f6ccd1000 rw-p 00000000 00:00 0 
7f9f6ccd1000-7f9f6ccde000 r-xp 00000000 08:01 10095                      /usr/lib/jvm/java-7-openjdk-amd64/jre/lib/amd64/jli/libjli.so
7f9f6ccde000-7f9f6cedd000 ---p 0000d000 08:01 10095                      /usr/lib/jvm/java-7-openjdk-amd64/jre/lib/amd64/jli/libjli.so
7f9f6cedd000-7f9f6cede000 r--p 0000c000 08:01 10095                      /usr/lib/jvm/java-7-openjdk-amd64/jre/lib/amd64/jli/libjli.so
7f9f6cede000-7f9f6cedf000 rw-p 0000d000 08:01 10095                      /usr/lib/jvm/java-7-openjdk-amd64/jre/lib/amd64/jli/libjli.so
7f9f6cedf000-7f9f6cf02000 r-xp 00000000 08:01 135946                     /lib/x86_64-linux-gnu/ld-2.17.so
7f9f6cf1e000-7f9f6cf28000 rw-p 00000000 00:00 0 
7f9f6cf28000-7f9f6cfde000 rw-p 00000000 00:00 0 
7f9f6cfde000-7f9f6cfe1000 ---p 00000000 00:00 0 
7f9f6cfe1000-7f9f6d0e4000 rw-p 00000000 00:00 0                          [stack:17953]
7f9f6d0f3000-7f9f6d0f5000 rw-p 00000000 00:00 0 
7f9f6d0f5000-7f9f6d0fd000 rw-s 00000000 08:01 401167                     /tmp/hsperfdata_daniel/17947
7f9f6d0fd000-7f9f6d0fe000 rw-p 00000000 00:00 0 
7f9f6d0fe000-7f9f6d0ff000 r--p 00000000 00:00 0 
7f9f6d0ff000-7f9f6d101000 rw-p 00000000 00:00 0 
7f9f6d101000-7f9f6d102000 r--p 00022000 08:01 135946                     /lib/x86_64-linux-gnu/ld-2.17.so
7f9f6d102000-7f9f6d104000 rw-p 00023000 08:01 135946                     /lib/x86_64-linux-gnu/ld-2.17.so
7fff6b44c000-7fff6b46d000 rw-p 00000000 00:00 0                          [stack]
7fff6b5ad000-7fff6b5af000 r-xp 00000000 00:00 0                          [vdso]
ffffffffff600000-ffffffffff601000 r-xp 00000000 00:00 0                  [vsyscall]

VM Arguments:
jvm_args: -Dfile.encoding=UTF-8 -Xbootclasspath:/home/daniel/workspace/adt-bundle-linux-x86_64-20130522/sdk/platforms/android-19/android.jar 
java_command: cz.cuni.mff.d3s.deeco.demo.ReplicatedLauncherCloud
Launcher Type: SUN_STANDARD

Environment Variables:
PATH=/usr/local/sbin:/usr/local/bin:/usr/sbin:/usr/bin:/sbin:/bin:/usr/games:/usr/local/games
USERNAME=daniel
SHELL=/bin/bash
DISPLAY=:0.0

Signal Handlers:
SIGSEGV: [libjvm.so+0x916eb0], sa_mask[0]=0x7ffbfeff, sa_flags=0x10000004
SIGBUS: [libjvm.so+0x916eb0], sa_mask[0]=0x7ffbfeff, sa_flags=0x10000004
SIGFPE: [libjvm.so+0x7947e0], sa_mask[0]=0x7ffbfeff, sa_flags=0x10000004
SIGPIPE: [libjvm.so+0x7947e0], sa_mask[0]=0x7ffbfeff, sa_flags=0x10000004
SIGXFSZ: [libjvm.so+0x7947e0], sa_mask[0]=0x7ffbfeff, sa_flags=0x10000004
SIGILL: [libjvm.so+0x7947e0], sa_mask[0]=0x7ffbfeff, sa_flags=0x10000004
SIGUSR1: SIG_DFL, sa_mask[0]=0x00000000, sa_flags=0x00000000
SIGUSR2: [libjvm.so+0x794680], sa_mask[0]=0x00000004, sa_flags=0x10000004
SIGHUP: SIG_DFL, sa_mask[0]=0x00000000, sa_flags=0x00000000
SIGINT: SIG_DFL, sa_mask[0]=0x00000000, sa_flags=0x00000000
SIGTERM: SIG_DFL, sa_mask[0]=0x00000000, sa_flags=0x00000000
SIGQUIT: SIG_DFL, sa_mask[0]=0x00000000, sa_flags=0x00000000


---------------  S Y S T E M  ---------------

OS:LinuxMint 16 (petra)
uname:Linux 3.11.0-12-generic #19-Ubuntu SMP Wed Oct 9 16:20:46 UTC 2013 x86_64
libc:glibc 2.17 NPTL 2.17 
rlimit: STACK 8192k, CORE 0k, NPROC 61461, NOFILE 4096, AS infinity
load average:1.49 1.48 1.39

/proc/meminfo:
MemTotal:        7896604 kB
MemFree:          566104 kB
Buffers:          114576 kB
Cached:          3568492 kB
SwapCached:            0 kB
Active:          5653504 kB
Inactive:        1276752 kB
Active(anon):    3249840 kB
Inactive(anon):   147848 kB
Active(file):    2403664 kB
Inactive(file):  1128904 kB
Unevictable:           0 kB
Mlocked:               0 kB
SwapTotal:        524284 kB
SwapFree:         524284 kB
Dirty:              1420 kB
Writeback:             0 kB
AnonPages:       3247300 kB
Mapped:           240204 kB
Shmem:            150424 kB
Slab:             267400 kB
SReclaimable:     227660 kB
SUnreclaim:        39740 kB
KernelStack:        5848 kB
PageTables:        48996 kB
NFS_Unstable:          0 kB
Bounce:                0 kB
WritebackTmp:          0 kB
CommitLimit:     4472584 kB
Committed_AS:    9878324 kB
VmallocTotal:   34359738367 kB
VmallocUsed:      356380 kB
VmallocChunk:   34359363708 kB
HardwareCorrupted:     0 kB
AnonHugePages:         0 kB
HugePages_Total:       0
HugePages_Free:        0
HugePages_Rsvd:        0
HugePages_Surp:        0
Hugepagesize:       2048 kB
DirectMap4k:       72040 kB
DirectMap2M:     8034304 kB


CPU:total 4 (2 cores per cpu, 2 threads per core) family 6 model 58 stepping 9, cmov, cx8, fxsr, mmx, sse, sse2, sse3, ssse3, sse4.1, sse4.2, popcnt, avx, aes, erms, ht, tsc, tscinvbit, tscinv

/proc/cpuinfo:
processor	: 0
vendor_id	: GenuineIntel
cpu family	: 6
model		: 58
model name	: Intel(R) Core(TM) i5-3210M CPU @ 2.50GHz
stepping	: 9
microcode	: 0x12
cpu MHz		: 1600.000
cache size	: 3072 KB
physical id	: 0
siblings	: 4
core id		: 0
cpu cores	: 2
apicid		: 0
initial apicid	: 0
fpu		: yes
fpu_exception	: yes
cpuid level	: 13
wp		: yes
flags		: fpu vme de pse tsc msr pae mce cx8 apic sep mtrr pge mca cmov pat pse36 clflush dts acpi mmx fxsr sse sse2 ss ht tm pbe syscall nx rdtscp lm constant_tsc arch_perfmon pebs bts rep_good nopl xtopology nonstop_tsc aperfmperf eagerfpu pni pclmulqdq dtes64 monitor ds_cpl vmx est tm2 ssse3 cx16 xtpr pdcm pcid sse4_1 sse4_2 x2apic popcnt tsc_deadline_timer aes xsave avx f16c rdrand lahf_lm ida arat epb xsaveopt pln pts dtherm tpr_shadow vnmi flexpriority ept vpid fsgsbase smep erms
bogomips	: 4988.29
clflush size	: 64
cache_alignment	: 64
address sizes	: 36 bits physical, 48 bits virtual
power management:

processor	: 1
vendor_id	: GenuineIntel
cpu family	: 6
model		: 58
model name	: Intel(R) Core(TM) i5-3210M CPU @ 2.50GHz
stepping	: 9
microcode	: 0x12
cpu MHz		: 2501.000
cache size	: 3072 KB
physical id	: 0
siblings	: 4
core id		: 0
cpu cores	: 2
apicid		: 1
initial apicid	: 1
fpu		: yes
fpu_exception	: yes
cpuid level	: 13
wp		: yes
flags		: fpu vme de pse tsc msr pae mce cx8 apic sep mtrr pge mca cmov pat pse36 clflush dts acpi mmx fxsr sse sse2 ss ht tm pbe syscall nx rdtscp lm constant_tsc arch_perfmon pebs bts rep_good nopl xtopology nonstop_tsc aperfmperf eagerfpu pni pclmulqdq dtes64 monitor ds_cpl vmx est tm2 ssse3 cx16 xtpr pdcm pcid sse4_1 sse4_2 x2apic popcnt tsc_deadline_timer aes xsave avx f16c rdrand lahf_lm ida arat epb xsaveopt pln pts dtherm tpr_shadow vnmi flexpriority ept vpid fsgsbase smep erms
bogomips	: 4988.29
clflush size	: 64
cache_alignment	: 64
address sizes	: 36 bits physical, 48 bits virtual
power management:

processor	: 2
vendor_id	: GenuineIntel
cpu family	: 6
model		: 58
model name	: Intel(R) Core(TM) i5-3210M CPU @ 2.50GHz
stepping	: 9
microcode	: 0x12
cpu MHz		: 2501.000
cache size	: 3072 KB
physical id	: 0
siblings	: 4
core id		: 1
cpu cores	: 2
apicid		: 2
initial apicid	: 2
fpu		: yes
fpu_exception	: yes
cpuid level	: 13
wp		: yes
flags		: fpu vme de pse tsc msr pae mce cx8 apic sep mtrr pge mca cmov pat pse36 clflush dts acpi mmx fxsr sse sse2 ss ht tm pbe syscall nx rdtscp lm constant_tsc arch_perfmon pebs bts rep_good nopl xtopology nonstop_tsc aperfmperf eagerfpu pni pclmulqdq dtes64 monitor ds_cpl vmx est tm2 ssse3 cx16 xtpr pdcm pcid sse4_1 sse4_2 x2apic popcnt tsc_deadline_timer aes xsave avx f16c rdrand lahf_lm ida arat epb xsaveopt pln pts dtherm tpr_shadow vnmi flexpriority ept vpid fsgsbase smep erms
bogomips	: 4988.29
clflush size	: 64
cache_alignment	: 64
address sizes	: 36 bits physical, 48 bits virtual
power management:

processor	: 3
vendor_id	: GenuineIntel
cpu family	: 6
model		: 58
model name	: Intel(R) Core(TM) i5-3210M CPU @ 2.50GHz
stepping	: 9
microcode	: 0x12
cpu MHz		: 1400.000
cache size	: 3072 KB
physical id	: 0
siblings	: 4
core id		: 1
cpu cores	: 2
apicid		: 3
initial apicid	: 3
fpu		: yes
fpu_exception	: yes
cpuid level	: 13
wp		: yes
flags		: fpu vme de pse tsc msr pae mce cx8 apic sep mtrr pge mca cmov pat pse36 clflush dts acpi mmx fxsr sse sse2 ss ht tm pbe syscall nx rdtscp lm constant_tsc arch_perfmon pebs bts rep_good nopl xtopology nonstop_tsc aperfmperf eagerfpu pni pclmulqdq dtes64 monitor ds_cpl vmx est tm2 ssse3 cx16 xtpr pdcm pcid sse4_1 sse4_2 x2apic popcnt tsc_deadline_timer aes xsave avx f16c rdrand lahf_lm ida arat epb xsaveopt pln pts dtherm tpr_shadow vnmi flexpriority ept vpid fsgsbase smep erms
bogomips	: 4988.29
clflush size	: 64
cache_alignment	: 64
address sizes	: 36 bits physical, 48 bits virtual
power management:



Memory: 4k page, physical 7896604k(565856k free), swap 524284k(524284k free)

vm_info: OpenJDK 64-Bit Server VM (24.51-b03) for linux-amd64 JRE (1.7.0_55-b14), built on Apr 17 2014 21:13:26 by "buildd" with gcc 4.8.1

time: Wed May 28 22:22:22 2014
elapsed time: 0 seconds

